1 10 20
100 200 125
201 210 89
813795 602782 468
684731 270958 470
162617 133185 383
910927 76201 525
822537 940531 525
949799 416639 525
725719 581163 447
613415 919176 525
418243 82749 449
932728 876661 476
866064 551588 525
45219 164835 383
26367 411255 449
376463 777602 470
810553 480370 470
987276 985286 396
150417 376739 443
594131 749578 447
380891 392990 436
969914 829164 525
842119 569081 525
838328 63512 525
468693 36822 449
414820 133852 449
273407 13672 443
56376 75359 335
864722 691714 525
812901 534346 468
999717 749910 525
996636 913165 476
555432 585149 434
768987 726121 468
944765 757081 525
849647 377851 525
247348 241085 337
450544 205046 449
129160 251443 443
954051 274732 525
606175 207228 470
228643 878220 525
671701 756999 442
618128 46897 470
358163 268673 441
113558 22185 354
671573 498165 470
520308 476211 470
772318 831371 468
520163 307777 470
852181 816385 525
551907 967973 525
560938 88409 470
876653 791818 525
403483 589956 470
134016 480046 449
28783 420536 449
755137 784668 468
620309 639361 416
704080 805044 468
212964 903151 525
136372 617264 470
14545 980462 525
350588 608088 470
589918 636644 447
392244 554816 470
437475 91002 449
904158 726397 525
348256 547446 470
513989 450910 470
783653 910471 525
396543 297960 441
622087 523602 452
862363 697642 525
949520 796471 525
147074 459347 449
926587 842091 476
492116 768917 470
258245 66236 443
459136 45862 449
980032 620806 525
492618 347414 449
328752 209131 443
633401 579650 447
240146 341563 407
75864 537263 470
128880 460119 449
128046 584766 470
151903 400301 443
138828 697667 470
640875 180068 470
181880 696501 470
345667 411661 449
896788 874317 432
473962 515236 470
667558 973110 525
172320 601935 470
192289 223849 386
40869 821790 470
168935 345083 443
278591 347619 441
177011 31805 383
