1 10 20
100 200 125
201 210 89
82645 38962 351
32005 29764 285
89552 9999 351
38920 5349 324
1084 95854 351
90538 84714 333
9129 35491 311
31932 95680 351
95006 67677 351
95060 48252 351
57344 49303 340
63184 8329 340
44845 9171 324
29321 60244 340
32867 55370 340
67252 21273 340
75237 94619 351
79158 78129 338
78962 11347 351
9121 93092 351
49442 97424 351
5756 99593 351
54953 5588 340
44153 73703 340
88770 54592 351
35092 70583 340
11707 96865 351
14300 68803 340
76151 83696 351
61822 86687 351
10113 83848 351
8411 42609 324
70097 22258 340
7277 39665 324
82186 89189 333
70624 14661 340
8135 51333 324
8484 23323 279
98663 58130 351
37427 86313 351
37064 88036 351
81280 23669 351
94724 90769 333
98600 59189 351
75338 35022 340
37626 70818 340
8350 48167 324
77714 37799 351
55840 70508 335
42422 24873 324
90635 33025 351
11120 43445 324
49263 25368 324
1136 40520 324
46866 57147 340
5631 74097 340
11882 76719 340
11753 82279 351
64921 74421 325
74604 68104 325
58337 23751 340
96217 40022 351
37487 47772 314
28571 8290 308
86860 52837 351
22360 43634 324
96322 80211 333
1216 97790 351
96987 55600 351
4316 32269 308
89114 4341 351
52770 92464 351
99296 91911 328
7380 25299 282
55385 69541 335
96930 7544 351
52310 16622 324
